<testsuite name="maven-test_munit_test_suite" time="0.599" failures="0" errors="0" skipped="0" tests="1">
  <properties>
    <property key="java.runtime.name" value="Java(TM) SE Runtime Environment"/>
    <property key="sun.boot.library.path" value="C:\Program Files\Java\jdk1.8.0_45\jre\bin"/>
    <property key="java.vm.version" value="25.45-b02"/>
    <property key="maven.multiModuleProjectDirectory" value="C:\Data\00_SourceCodes\05_MuleSoft\maven-test"/>
    <property key="java.vm.vendor" value="Oracle Corporation"/>
    <property key="java.vendor.url" value="http://java.oracle.com/"/>
    <property key="guice.disable.misplaced.annotation.check" value="true"/>
    <property key="path.separator" value=";"/>
    <property key="java.vm.name" value="Java HotSpot(TM) 64-Bit Server VM"/>
    <property key="file.encoding.pkg" value="sun.io"/>
    <property key="user.country" value="NZ"/>
    <property key="user.script" value=""/>
    <property key="sun.java.launcher" value="SUN_STANDARD"/>
    <property key="sun.os.patch.level" value=""/>
    <property key="java.vm.specification.name" value="Java Virtual Machine Specification"/>
    <property key="user.dir" value="C:\Data\00_SourceCodes\05_MuleSoft\maven-test"/>
    <property key="java.runtime.version" value="1.8.0_45-b15"/>
    <property key="java.awt.graphicsenv" value="sun.awt.Win32GraphicsEnvironment"/>
    <property key="java.endorsed.dirs" value="C:\Program Files\Java\jdk1.8.0_45\jre\lib\endorsed"/>
    <property key="os.arch" value="amd64"/>
    <property key="java.io.tmpdir" value="C:\Users\KIAN~1.TIN\AppData\Local\Temp\"/>
    <property key="line.separator" value="&#xd;&#xa;"/>
    <property key="java.vm.specification.vendor" value="Oracle Corporation"/>
    <property key="user.variant" value=""/>
    <property key="os.name" value="Windows 8.1"/>
    <property key="classworlds.conf" value="C:\apache-maven\apache-maven-3.3.9\bin\..\bin\m2.conf"/>
    <property key="sun.jnu.encoding" value="Cp1252"/>
    <property key="java.library.path" value="C:\Program Files\Java\jdk1.8.0_45\bin;C:\WINDOWS\Sun\Java\bin;C:\WINDOWS\system32;C:\WINDOWS;C:/Program Files/Java/jre1.8.0_121/bin/server;C:/Program Files/Java/jre1.8.0_121/bin;C:/Program Files/Java/jre1.8.0_121/lib/amd64;C:\WINDOWS\CCM\;C:\ProgramData\Oracle\Java\javapath;C:\WINDOWS\system32;C:\WINDOWS;C:\WINDOWS\System32\Wbem;C:\WINDOWS\System32\WindowsPowerShell\v1.0\;C:\Program Files (x86)\Microsoft System Center 2012\Service Manager\;c:\Program Files (x86)\Microsoft SQL Server\100\Tools\Binn\;c:\Program Files\Microsoft SQL Server\100\Tools\Binn\;c:\Program Files\Microsoft SQL Server\100\DTS\Binn\;C:\Python27;C:\Program Files (x86)\Windows Live\Shared;C:\Program Files (x86)\Skype\Phone\;C:\Program Files (x86)\Microsoft SQL Server\Client SDK\ODBC\110\Tools\Binn\;C:\Program Files (x86)\Microsoft SQL Server\120\Tools\Binn\ManagementStudio\;C:\Program Files (x86)\Microsoft SQL Server\120\Tools\Binn\;C:\Program Files (x86)\Microsoft SQL Server\120\DTS\Binn\;C:\apache-maven\apache-maven-3.3.9\bin;C:\apache-ant\apache-ant-1.9.7\bin;C:\apache-derby\db-derby-10.13.1.1-bin\bin;C:\apache-groovy\groovy-2.4.7/bin;C:\cygwin64/bin;C:\Program Files\Git\cmd;C:\apache-activemq\apache-activemq-5.14.3\bin;C:\cygwin64\home\kian.ting\bin;C:\cygwin64\home\Kian.Ting\.rvm;C:\cygwin64\home\Kian.Ting\.rvm\bin;C:\Program Files\Java\jdk1.8.0_45\bin;C:\MuleSoft\mule-enterprise-standalone-3.8.3\bin;C:\Ruby23-x64\bin;C:\Program Files\Docker Toolbox;C:\Users\kian.ting\AppData\Local\Microsoft\WindowsApps;;C:\AnypointStudio;;."/>
    <property key="java.specification.name" value="Java Platform API Specification"/>
    <property key="java.class.version" value="52.0"/>
    <property key="sun.management.compiler" value="HotSpot 64-Bit Tiered Compilers"/>
    <property key="os.version" value="6.3"/>
    <property key="user.home" value="C:\Users\kian.ting"/>
    <property key="user.timezone" value="Pacific/Auckland"/>
    <property key="java.awt.printerjob" value="sun.awt.windows.WPrinterJob"/>
    <property key="file.encoding" value="Cp1252"/>
    <property key="java.specification.version" value="1.8"/>
    <property key="java.class.path" value="C:\apache-maven\apache-maven-3.3.9\bin\..\boot\plexus-classworlds-2.5.2.jar"/>
    <property key="user.name" value="Kian.Ting"/>
    <property key="java.vm.specification.version" value="1.8"/>
    <property key="sun.java.command" value="org.codehaus.plexus.classworlds.launcher.Launcher -B clean package"/>
    <property key="java.home" value="C:\Program Files\Java\jdk1.8.0_45\jre"/>
    <property key="sun.arch.data.model" value="64"/>
    <property key="user.language" value="en"/>
    <property key="java.specification.vendor" value="Oracle Corporation"/>
    <property key="awt.toolkit" value="sun.awt.windows.WToolkit"/>
    <property key="java.vm.info" value="mixed mode"/>
    <property key="java.version" value="1.8.0_45"/>
    <property key="java.ext.dirs" value="C:\Program Files\Java\jdk1.8.0_45\jre\lib\ext;C:\WINDOWS\Sun\Java\lib\ext"/>
    <property key="sun.boot.class.path" value="C:\Program Files\Java\jdk1.8.0_45\jre\lib\resources.jar;C:\Program Files\Java\jdk1.8.0_45\jre\lib\rt.jar;C:\Program Files\Java\jdk1.8.0_45\jre\lib\sunrsasign.jar;C:\Program Files\Java\jdk1.8.0_45\jre\lib\jsse.jar;C:\Program Files\Java\jdk1.8.0_45\jre\lib\jce.jar;C:\Program Files\Java\jdk1.8.0_45\jre\lib\charsets.jar;C:\Program Files\Java\jdk1.8.0_45\jre\lib\jfr.jar;C:\Program Files\Java\jdk1.8.0_45\jre\classes"/>
    <property key="java.vendor" value="Oracle Corporation"/>
    <property key="maven.home" value="C:\apache-maven\apache-maven-3.3.9\bin\.."/>
    <property key="file.separator" value="\"/>
    <property key="java.vendor.url.bug" value="http://bugreport.sun.com/bugreport/"/>
    <property key="sun.io.unicode.encoding" value="UnicodeLittle"/>
    <property key="sun.cpu.endian" value="little"/>
    <property key="sun.desktop" value="windows"/>
    <property key="sun.cpu.isalist" value="amd64"/>
    <property key="mule.testingMode" value="true"/>
    <property key="mule.working.dir" value="C:\Data\00_SourceCodes\05_MuleSoft\maven-test\target\.mule"/>
  </properties>
  <testcase time="0.104" name="maven-test_munit_test_suite-maven-testFlowTest" classname="maven-test_munit_test_suite"/>
</testsuite>